[2020-11-09T21:53:49.884] [ERROR] MPD - MPD log starting
[2020-11-09T21:56:39.497] [ERROR] MPD - Log starting
[2020-11-09T21:59:59.761] [ERROR] MPD - Log starting
[2020-11-09T22:00:26.670] [ERROR] MPD - { SequelizeDatabaseError: invalid input syntax for type integer: "[object Object]"
    at Query.formatError (C:\Users\Damien\Desktop\Tutoriel\VueJS Project\Ma-Petite-Draft-Project\Heroku-Deployement\ma-petite-draft-server\node_modules\sequelize\lib\dialects\postgres\query.js:366:16)
    at query.catch.err (C:\Users\Damien\Desktop\Tutoriel\VueJS Project\Ma-Petite-Draft-Project\Heroku-Deployement\ma-petite-draft-server\node_modules\sequelize\lib\dialects\postgres\query.js:72:18)
    at tryCatcher (C:\Users\Damien\Desktop\Tutoriel\VueJS Project\Ma-Petite-Draft-Project\Heroku-Deployement\ma-petite-draft-server\node_modules\bluebird\js\release\util.js:16:23)
    at Promise._settlePromiseFromHandler (C:\Users\Damien\Desktop\Tutoriel\VueJS Project\Ma-Petite-Draft-Project\Heroku-Deployement\ma-petite-draft-server\node_modules\bluebird\js\release\promise.js:547:31)
    at Promise._settlePromise (C:\Users\Damien\Desktop\Tutoriel\VueJS Project\Ma-Petite-Draft-Project\Heroku-Deployement\ma-petite-draft-server\node_modules\bluebird\js\release\promise.js:604:18)
    at Promise._settlePromise0 (C:\Users\Damien\Desktop\Tutoriel\VueJS Project\Ma-Petite-Draft-Project\Heroku-Deployement\ma-petite-draft-server\node_modules\bluebird\js\release\promise.js:649:10)
    at Promise._settlePromises (C:\Users\Damien\Desktop\Tutoriel\VueJS Project\Ma-Petite-Draft-Project\Heroku-Deployement\ma-petite-draft-server\node_modules\bluebird\js\release\promise.js:725:18)
    at _drainQueueStep (C:\Users\Damien\Desktop\Tutoriel\VueJS Project\Ma-Petite-Draft-Project\Heroku-Deployement\ma-petite-draft-server\node_modules\bluebird\js\release\async.js:93:12)
    at _drainQueue (C:\Users\Damien\Desktop\Tutoriel\VueJS Project\Ma-Petite-Draft-Project\Heroku-Deployement\ma-petite-draft-server\node_modules\bluebird\js\release\async.js:86:9)
    at Async._drainQueues (C:\Users\Damien\Desktop\Tutoriel\VueJS Project\Ma-Petite-Draft-Project\Heroku-Deployement\ma-petite-draft-server\node_modules\bluebird\js\release\async.js:102:5)
    at Immediate.Async.drainQueues [as _onImmediate] (C:\Users\Damien\Desktop\Tutoriel\VueJS Project\Ma-Petite-Draft-Project\Heroku-Deployement\ma-petite-draft-server\node_modules\bluebird\js\release\async.js:15:14)
    at runCallback (timers.js:705:18)
    at tryOnImmediate (timers.js:676:5)
    at processImmediate (timers.js:658:5)
  name: 'SequelizeDatabaseError',
  parent:
   { error: invalid input syntax for type integer: "[object Object]"
       at Parser.parseErrorMessage (C:\Users\Damien\Desktop\Tutoriel\VueJS Project\Ma-Petite-Draft-Project\Heroku-Deployement\ma-petite-draft-server\node_modules\pg-protocol\dist\parser.js:241:15)
       at Parser.handlePacket (C:\Users\Damien\Desktop\Tutoriel\VueJS Project\Ma-Petite-Draft-Project\Heroku-Deployement\ma-petite-draft-server\node_modules\pg-protocol\dist\parser.js:89:29)
       at Parser.parse (C:\Users\Damien\Desktop\Tutoriel\VueJS Project\Ma-Petite-Draft-Project\Heroku-Deployement\ma-petite-draft-server\node_modules\pg-protocol\dist\parser.js:41:38)
       at Socket.stream.on (C:\Users\Damien\Desktop\Tutoriel\VueJS Project\Ma-Petite-Draft-Project\Heroku-Deployement\ma-petite-draft-server\node_modules\pg-protocol\dist\index.js:8:42)
       at Socket.emit (events.js:198:13)
       at addChunk (_stream_readable.js:288:12)
       at readableAddChunk (_stream_readable.js:269:11)
       at Socket.Readable.push (_stream_readable.js:224:10)
       at TCP.onStreamRead [as onread] (internal/stream_base_commons.js:94:17)
     length: 187,
     name: 'error',
     severity: 'ERROR',
     code: '22P02',
     detail: undefined,
     hint: undefined,
     position: '102',
     internalPosition: undefined,
     internalQuery: undefined,
     where: undefined,
     schema: undefined,
     table: undefined,
     column: undefined,
     dataType: undefined,
     constraint: undefined,
     file:
      'd:\\pginstaller_12.auto\\postgres.windows-x64\\src\\backend\\utils\\adt\\numutils.c',
     line: '259',
     routine: 'pg_strtoint32',
     sql:
      'SELECT "id", "username" FROM "users" AS "user" WHERE "user"."deleted_row" = false AND "user"."id" != \'[object Object]\' ORDER BY "user"."username" ASC;',
     parameters: undefined },
  original:
   { error: invalid input syntax for type integer: "[object Object]"
       at Parser.parseErrorMessage (C:\Users\Damien\Desktop\Tutoriel\VueJS Project\Ma-Petite-Draft-Project\Heroku-Deployement\ma-petite-draft-server\node_modules\pg-protocol\dist\parser.js:241:15)
       at Parser.handlePacket (C:\Users\Damien\Desktop\Tutoriel\VueJS Project\Ma-Petite-Draft-Project\Heroku-Deployement\ma-petite-draft-server\node_modules\pg-protocol\dist\parser.js:89:29)
       at Parser.parse (C:\Users\Damien\Desktop\Tutoriel\VueJS Project\Ma-Petite-Draft-Project\Heroku-Deployement\ma-petite-draft-server\node_modules\pg-protocol\dist\parser.js:41:38)
       at Socket.stream.on (C:\Users\Damien\Desktop\Tutoriel\VueJS Project\Ma-Petite-Draft-Project\Heroku-Deployement\ma-petite-draft-server\node_modules\pg-protocol\dist\index.js:8:42)
       at Socket.emit (events.js:198:13)
       at addChunk (_stream_readable.js:288:12)
       at readableAddChunk (_stream_readable.js:269:11)
       at Socket.Readable.push (_stream_readable.js:224:10)
       at TCP.onStreamRead [as onread] (internal/stream_base_commons.js:94:17)
     length: 187,
     name: 'error',
     severity: 'ERROR',
     code: '22P02',
     detail: undefined,
     hint: undefined,
     position: '102',
     internalPosition: undefined,
     internalQuery: undefined,
     where: undefined,
     schema: undefined,
     table: undefined,
     column: undefined,
     dataType: undefined,
     constraint: undefined,
     file:
      'd:\\pginstaller_12.auto\\postgres.windows-x64\\src\\backend\\utils\\adt\\numutils.c',
     line: '259',
     routine: 'pg_strtoint32',
     sql:
      'SELECT "id", "username" FROM "users" AS "user" WHERE "user"."deleted_row" = false AND "user"."id" != \'[object Object]\' ORDER BY "user"."username" ASC;',
     parameters: undefined },
  sql:
   'SELECT "id", "username" FROM "users" AS "user" WHERE "user"."deleted_row" = false AND "user"."id" != \'[object Object]\' ORDER BY "user"."username" ASC;',
  parameters: undefined }
[2020-11-09T22:01:17.839] [ERROR] MPD - Log starting
[2020-11-09T22:08:46.290] [ERROR] MPD - Log starting
[2020-11-09T22:16:12.689] [ERROR] MPD - Log starting
[2020-11-25T08:21:46.413] [ERROR] MPD - { SequelizeDatabaseError: invalid input syntax for type integer: "[object Object]"
    at Query.formatError (C:\Users\Damien\Desktop\Tutoriel\VueJS Project\Ma-Petite-Draft-Project\Heroku-Deployement\ma-petite-draft-server\node_modules\sequelize\lib\dialects\postgres\query.js:366:16)
    at query.catch.err (C:\Users\Damien\Desktop\Tutoriel\VueJS Project\Ma-Petite-Draft-Project\Heroku-Deployement\ma-petite-draft-server\node_modules\sequelize\lib\dialects\postgres\query.js:72:18)
    at tryCatcher (C:\Users\Damien\Desktop\Tutoriel\VueJS Project\Ma-Petite-Draft-Project\Heroku-Deployement\ma-petite-draft-server\node_modules\bluebird\js\release\util.js:16:23)
    at Promise._settlePromiseFromHandler (C:\Users\Damien\Desktop\Tutoriel\VueJS Project\Ma-Petite-Draft-Project\Heroku-Deployement\ma-petite-draft-server\node_modules\bluebird\js\release\promise.js:547:31)
    at Promise._settlePromise (C:\Users\Damien\Desktop\Tutoriel\VueJS Project\Ma-Petite-Draft-Project\Heroku-Deployement\ma-petite-draft-server\node_modules\bluebird\js\release\promise.js:604:18)
    at Promise._settlePromise0 (C:\Users\Damien\Desktop\Tutoriel\VueJS Project\Ma-Petite-Draft-Project\Heroku-Deployement\ma-petite-draft-server\node_modules\bluebird\js\release\promise.js:649:10)
    at Promise._settlePromises (C:\Users\Damien\Desktop\Tutoriel\VueJS Project\Ma-Petite-Draft-Project\Heroku-Deployement\ma-petite-draft-server\node_modules\bluebird\js\release\promise.js:725:18)
    at _drainQueueStep (C:\Users\Damien\Desktop\Tutoriel\VueJS Project\Ma-Petite-Draft-Project\Heroku-Deployement\ma-petite-draft-server\node_modules\bluebird\js\release\async.js:93:12)
    at _drainQueue (C:\Users\Damien\Desktop\Tutoriel\VueJS Project\Ma-Petite-Draft-Project\Heroku-Deployement\ma-petite-draft-server\node_modules\bluebird\js\release\async.js:86:9)
    at Async._drainQueues (C:\Users\Damien\Desktop\Tutoriel\VueJS Project\Ma-Petite-Draft-Project\Heroku-Deployement\ma-petite-draft-server\node_modules\bluebird\js\release\async.js:102:5)
    at Immediate.Async.drainQueues [as _onImmediate] (C:\Users\Damien\Desktop\Tutoriel\VueJS Project\Ma-Petite-Draft-Project\Heroku-Deployement\ma-petite-draft-server\node_modules\bluebird\js\release\async.js:15:14)
    at runCallback (timers.js:705:18)
    at tryOnImmediate (timers.js:676:5)
    at processImmediate (timers.js:658:5)
  name: 'SequelizeDatabaseError',
  parent:
   { error: invalid input syntax for type integer: "[object Object]"
       at Parser.parseErrorMessage (C:\Users\Damien\Desktop\Tutoriel\VueJS Project\Ma-Petite-Draft-Project\Heroku-Deployement\ma-petite-draft-server\node_modules\pg-protocol\dist\parser.js:241:15)
       at Parser.handlePacket (C:\Users\Damien\Desktop\Tutoriel\VueJS Project\Ma-Petite-Draft-Project\Heroku-Deployement\ma-petite-draft-server\node_modules\pg-protocol\dist\parser.js:89:29)
       at Parser.parse (C:\Users\Damien\Desktop\Tutoriel\VueJS Project\Ma-Petite-Draft-Project\Heroku-Deployement\ma-petite-draft-server\node_modules\pg-protocol\dist\parser.js:41:38)
       at Socket.stream.on (C:\Users\Damien\Desktop\Tutoriel\VueJS Project\Ma-Petite-Draft-Project\Heroku-Deployement\ma-petite-draft-server\node_modules\pg-protocol\dist\index.js:8:42)
       at Socket.emit (events.js:198:13)
       at addChunk (_stream_readable.js:288:12)
       at readableAddChunk (_stream_readable.js:269:11)
       at Socket.Readable.push (_stream_readable.js:224:10)
       at TCP.onStreamRead [as onread] (internal/stream_base_commons.js:94:17)
     length: 187,
     name: 'error',
     severity: 'ERROR',
     code: '22P02',
     detail: undefined,
     hint: undefined,
     position: '102',
     internalPosition: undefined,
     internalQuery: undefined,
     where: undefined,
     schema: undefined,
     table: undefined,
     column: undefined,
     dataType: undefined,
     constraint: undefined,
     file:
      'd:\\pginstaller_12.auto\\postgres.windows-x64\\src\\backend\\utils\\adt\\numutils.c',
     line: '259',
     routine: 'pg_strtoint32',
     sql:
      'SELECT "id", "username" FROM "users" AS "user" WHERE "user"."deleted_row" = false AND "user"."id" != \'[object Object]\' ORDER BY "user"."username" ASC;',
     parameters: undefined },
  original:
   { error: invalid input syntax for type integer: "[object Object]"
       at Parser.parseErrorMessage (C:\Users\Damien\Desktop\Tutoriel\VueJS Project\Ma-Petite-Draft-Project\Heroku-Deployement\ma-petite-draft-server\node_modules\pg-protocol\dist\parser.js:241:15)
       at Parser.handlePacket (C:\Users\Damien\Desktop\Tutoriel\VueJS Project\Ma-Petite-Draft-Project\Heroku-Deployement\ma-petite-draft-server\node_modules\pg-protocol\dist\parser.js:89:29)
       at Parser.parse (C:\Users\Damien\Desktop\Tutoriel\VueJS Project\Ma-Petite-Draft-Project\Heroku-Deployement\ma-petite-draft-server\node_modules\pg-protocol\dist\parser.js:41:38)
       at Socket.stream.on (C:\Users\Damien\Desktop\Tutoriel\VueJS Project\Ma-Petite-Draft-Project\Heroku-Deployement\ma-petite-draft-server\node_modules\pg-protocol\dist\index.js:8:42)
       at Socket.emit (events.js:198:13)
       at addChunk (_stream_readable.js:288:12)
       at readableAddChunk (_stream_readable.js:269:11)
       at Socket.Readable.push (_stream_readable.js:224:10)
       at TCP.onStreamRead [as onread] (internal/stream_base_commons.js:94:17)
     length: 187,
     name: 'error',
     severity: 'ERROR',
     code: '22P02',
     detail: undefined,
     hint: undefined,
     position: '102',
     internalPosition: undefined,
     internalQuery: undefined,
     where: undefined,
     schema: undefined,
     table: undefined,
     column: undefined,
     dataType: undefined,
     constraint: undefined,
     file:
      'd:\\pginstaller_12.auto\\postgres.windows-x64\\src\\backend\\utils\\adt\\numutils.c',
     line: '259',
     routine: 'pg_strtoint32',
     sql:
      'SELECT "id", "username" FROM "users" AS "user" WHERE "user"."deleted_row" = false AND "user"."id" != \'[object Object]\' ORDER BY "user"."username" ASC;',
     parameters: undefined },
  sql:
   'SELECT "id", "username" FROM "users" AS "user" WHERE "user"."deleted_row" = false AND "user"."id" != \'[object Object]\' ORDER BY "user"."username" ASC;',
  parameters: undefined }
[2020-11-25T08:26:13.701] [ERROR] MPD - { SequelizeDatabaseError: invalid input syntax for type integer: "[object Object]"
    at Query.formatError (C:\Users\Damien\Desktop\Tutoriel\VueJS Project\Ma-Petite-Draft-Project\Heroku-Deployement\ma-petite-draft-server\node_modules\sequelize\lib\dialects\postgres\query.js:366:16)
    at query.catch.err (C:\Users\Damien\Desktop\Tutoriel\VueJS Project\Ma-Petite-Draft-Project\Heroku-Deployement\ma-petite-draft-server\node_modules\sequelize\lib\dialects\postgres\query.js:72:18)
    at tryCatcher (C:\Users\Damien\Desktop\Tutoriel\VueJS Project\Ma-Petite-Draft-Project\Heroku-Deployement\ma-petite-draft-server\node_modules\bluebird\js\release\util.js:16:23)
    at Promise._settlePromiseFromHandler (C:\Users\Damien\Desktop\Tutoriel\VueJS Project\Ma-Petite-Draft-Project\Heroku-Deployement\ma-petite-draft-server\node_modules\bluebird\js\release\promise.js:547:31)
    at Promise._settlePromise (C:\Users\Damien\Desktop\Tutoriel\VueJS Project\Ma-Petite-Draft-Project\Heroku-Deployement\ma-petite-draft-server\node_modules\bluebird\js\release\promise.js:604:18)
    at Promise._settlePromise0 (C:\Users\Damien\Desktop\Tutoriel\VueJS Project\Ma-Petite-Draft-Project\Heroku-Deployement\ma-petite-draft-server\node_modules\bluebird\js\release\promise.js:649:10)
    at Promise._settlePromises (C:\Users\Damien\Desktop\Tutoriel\VueJS Project\Ma-Petite-Draft-Project\Heroku-Deployement\ma-petite-draft-server\node_modules\bluebird\js\release\promise.js:725:18)
    at _drainQueueStep (C:\Users\Damien\Desktop\Tutoriel\VueJS Project\Ma-Petite-Draft-Project\Heroku-Deployement\ma-petite-draft-server\node_modules\bluebird\js\release\async.js:93:12)
    at _drainQueue (C:\Users\Damien\Desktop\Tutoriel\VueJS Project\Ma-Petite-Draft-Project\Heroku-Deployement\ma-petite-draft-server\node_modules\bluebird\js\release\async.js:86:9)
    at Async._drainQueues (C:\Users\Damien\Desktop\Tutoriel\VueJS Project\Ma-Petite-Draft-Project\Heroku-Deployement\ma-petite-draft-server\node_modules\bluebird\js\release\async.js:102:5)
    at Immediate.Async.drainQueues [as _onImmediate] (C:\Users\Damien\Desktop\Tutoriel\VueJS Project\Ma-Petite-Draft-Project\Heroku-Deployement\ma-petite-draft-server\node_modules\bluebird\js\release\async.js:15:14)
    at runCallback (timers.js:705:18)
    at tryOnImmediate (timers.js:676:5)
    at processImmediate (timers.js:658:5)
  name: 'SequelizeDatabaseError',
  parent:
   { error: invalid input syntax for type integer: "[object Object]"
       at Parser.parseErrorMessage (C:\Users\Damien\Desktop\Tutoriel\VueJS Project\Ma-Petite-Draft-Project\Heroku-Deployement\ma-petite-draft-server\node_modules\pg-protocol\dist\parser.js:241:15)
       at Parser.handlePacket (C:\Users\Damien\Desktop\Tutoriel\VueJS Project\Ma-Petite-Draft-Project\Heroku-Deployement\ma-petite-draft-server\node_modules\pg-protocol\dist\parser.js:89:29)
       at Parser.parse (C:\Users\Damien\Desktop\Tutoriel\VueJS Project\Ma-Petite-Draft-Project\Heroku-Deployement\ma-petite-draft-server\node_modules\pg-protocol\dist\parser.js:41:38)
       at Socket.stream.on (C:\Users\Damien\Desktop\Tutoriel\VueJS Project\Ma-Petite-Draft-Project\Heroku-Deployement\ma-petite-draft-server\node_modules\pg-protocol\dist\index.js:8:42)
       at Socket.emit (events.js:198:13)
       at addChunk (_stream_readable.js:288:12)
       at readableAddChunk (_stream_readable.js:269:11)
       at Socket.Readable.push (_stream_readable.js:224:10)
       at TCP.onStreamRead [as onread] (internal/stream_base_commons.js:94:17)
     length: 187,
     name: 'error',
     severity: 'ERROR',
     code: '22P02',
     detail: undefined,
     hint: undefined,
     position: '102',
     internalPosition: undefined,
     internalQuery: undefined,
     where: undefined,
     schema: undefined,
     table: undefined,
     column: undefined,
     dataType: undefined,
     constraint: undefined,
     file:
      'd:\\pginstaller_12.auto\\postgres.windows-x64\\src\\backend\\utils\\adt\\numutils.c',
     line: '259',
     routine: 'pg_strtoint32',
     sql:
      'SELECT "id", "username" FROM "users" AS "user" WHERE "user"."deleted_row" = false AND "user"."id" != \'[object Object]\' ORDER BY "user"."username" ASC;',
     parameters: undefined },
  original:
   { error: invalid input syntax for type integer: "[object Object]"
       at Parser.parseErrorMessage (C:\Users\Damien\Desktop\Tutoriel\VueJS Project\Ma-Petite-Draft-Project\Heroku-Deployement\ma-petite-draft-server\node_modules\pg-protocol\dist\parser.js:241:15)
       at Parser.handlePacket (C:\Users\Damien\Desktop\Tutoriel\VueJS Project\Ma-Petite-Draft-Project\Heroku-Deployement\ma-petite-draft-server\node_modules\pg-protocol\dist\parser.js:89:29)
       at Parser.parse (C:\Users\Damien\Desktop\Tutoriel\VueJS Project\Ma-Petite-Draft-Project\Heroku-Deployement\ma-petite-draft-server\node_modules\pg-protocol\dist\parser.js:41:38)
       at Socket.stream.on (C:\Users\Damien\Desktop\Tutoriel\VueJS Project\Ma-Petite-Draft-Project\Heroku-Deployement\ma-petite-draft-server\node_modules\pg-protocol\dist\index.js:8:42)
       at Socket.emit (events.js:198:13)
       at addChunk (_stream_readable.js:288:12)
       at readableAddChunk (_stream_readable.js:269:11)
       at Socket.Readable.push (_stream_readable.js:224:10)
       at TCP.onStreamRead [as onread] (internal/stream_base_commons.js:94:17)
     length: 187,
     name: 'error',
     severity: 'ERROR',
     code: '22P02',
     detail: undefined,
     hint: undefined,
     position: '102',
     internalPosition: undefined,
     internalQuery: undefined,
     where: undefined,
     schema: undefined,
     table: undefined,
     column: undefined,
     dataType: undefined,
     constraint: undefined,
     file:
      'd:\\pginstaller_12.auto\\postgres.windows-x64\\src\\backend\\utils\\adt\\numutils.c',
     line: '259',
     routine: 'pg_strtoint32',
     sql:
      'SELECT "id", "username" FROM "users" AS "user" WHERE "user"."deleted_row" = false AND "user"."id" != \'[object Object]\' ORDER BY "user"."username" ASC;',
     parameters: undefined },
  sql:
   'SELECT "id", "username" FROM "users" AS "user" WHERE "user"."deleted_row" = false AND "user"."id" != \'[object Object]\' ORDER BY "user"."username" ASC;',
  parameters: undefined }
[2020-11-25T08:28:12.420] [ERROR] MPD - Log starting
[2020-11-25T08:28:38.295] [ERROR] MPD - { SequelizeDatabaseError: invalid input syntax for type integer: "[object Object]"
    at Query.formatError (C:\Users\Damien\Desktop\Tutoriel\VueJS Project\Ma-Petite-Draft-Project\Heroku-Deployement\ma-petite-draft-server\node_modules\sequelize\lib\dialects\postgres\query.js:366:16)
    at query.catch.err (C:\Users\Damien\Desktop\Tutoriel\VueJS Project\Ma-Petite-Draft-Project\Heroku-Deployement\ma-petite-draft-server\node_modules\sequelize\lib\dialects\postgres\query.js:72:18)
    at tryCatcher (C:\Users\Damien\Desktop\Tutoriel\VueJS Project\Ma-Petite-Draft-Project\Heroku-Deployement\ma-petite-draft-server\node_modules\bluebird\js\release\util.js:16:23)
    at Promise._settlePromiseFromHandler (C:\Users\Damien\Desktop\Tutoriel\VueJS Project\Ma-Petite-Draft-Project\Heroku-Deployement\ma-petite-draft-server\node_modules\bluebird\js\release\promise.js:547:31)
    at Promise._settlePromise (C:\Users\Damien\Desktop\Tutoriel\VueJS Project\Ma-Petite-Draft-Project\Heroku-Deployement\ma-petite-draft-server\node_modules\bluebird\js\release\promise.js:604:18)
    at Promise._settlePromise0 (C:\Users\Damien\Desktop\Tutoriel\VueJS Project\Ma-Petite-Draft-Project\Heroku-Deployement\ma-petite-draft-server\node_modules\bluebird\js\release\promise.js:649:10)
    at Promise._settlePromises (C:\Users\Damien\Desktop\Tutoriel\VueJS Project\Ma-Petite-Draft-Project\Heroku-Deployement\ma-petite-draft-server\node_modules\bluebird\js\release\promise.js:725:18)
    at _drainQueueStep (C:\Users\Damien\Desktop\Tutoriel\VueJS Project\Ma-Petite-Draft-Project\Heroku-Deployement\ma-petite-draft-server\node_modules\bluebird\js\release\async.js:93:12)
    at _drainQueue (C:\Users\Damien\Desktop\Tutoriel\VueJS Project\Ma-Petite-Draft-Project\Heroku-Deployement\ma-petite-draft-server\node_modules\bluebird\js\release\async.js:86:9)
    at Async._drainQueues (C:\Users\Damien\Desktop\Tutoriel\VueJS Project\Ma-Petite-Draft-Project\Heroku-Deployement\ma-petite-draft-server\node_modules\bluebird\js\release\async.js:102:5)
    at Immediate.Async.drainQueues [as _onImmediate] (C:\Users\Damien\Desktop\Tutoriel\VueJS Project\Ma-Petite-Draft-Project\Heroku-Deployement\ma-petite-draft-server\node_modules\bluebird\js\release\async.js:15:14)
    at runCallback (timers.js:705:18)
    at tryOnImmediate (timers.js:676:5)
    at processImmediate (timers.js:658:5)
  name: 'SequelizeDatabaseError',
  parent:
   { error: invalid input syntax for type integer: "[object Object]"
       at Parser.parseErrorMessage (C:\Users\Damien\Desktop\Tutoriel\VueJS Project\Ma-Petite-Draft-Project\Heroku-Deployement\ma-petite-draft-server\node_modules\pg-protocol\dist\parser.js:241:15)
       at Parser.handlePacket (C:\Users\Damien\Desktop\Tutoriel\VueJS Project\Ma-Petite-Draft-Project\Heroku-Deployement\ma-petite-draft-server\node_modules\pg-protocol\dist\parser.js:89:29)
       at Parser.parse (C:\Users\Damien\Desktop\Tutoriel\VueJS Project\Ma-Petite-Draft-Project\Heroku-Deployement\ma-petite-draft-server\node_modules\pg-protocol\dist\parser.js:41:38)
       at Socket.stream.on (C:\Users\Damien\Desktop\Tutoriel\VueJS Project\Ma-Petite-Draft-Project\Heroku-Deployement\ma-petite-draft-server\node_modules\pg-protocol\dist\index.js:8:42)
       at Socket.emit (events.js:198:13)
       at addChunk (_stream_readable.js:288:12)
       at readableAddChunk (_stream_readable.js:269:11)
       at Socket.Readable.push (_stream_readable.js:224:10)
       at TCP.onStreamRead [as onread] (internal/stream_base_commons.js:94:17)
     length: 187,
     name: 'error',
     severity: 'ERROR',
     code: '22P02',
     detail: undefined,
     hint: undefined,
     position: '102',
     internalPosition: undefined,
     internalQuery: undefined,
     where: undefined,
     schema: undefined,
     table: undefined,
     column: undefined,
     dataType: undefined,
     constraint: undefined,
     file:
      'd:\\pginstaller_12.auto\\postgres.windows-x64\\src\\backend\\utils\\adt\\numutils.c',
     line: '259',
     routine: 'pg_strtoint32',
     sql:
      'SELECT "id", "username" FROM "users" AS "user" WHERE "user"."deleted_row" = false AND "user"."id" != \'[object Object]\' ORDER BY "user"."username" ASC;',
     parameters: undefined },
  original:
   { error: invalid input syntax for type integer: "[object Object]"
       at Parser.parseErrorMessage (C:\Users\Damien\Desktop\Tutoriel\VueJS Project\Ma-Petite-Draft-Project\Heroku-Deployement\ma-petite-draft-server\node_modules\pg-protocol\dist\parser.js:241:15)
       at Parser.handlePacket (C:\Users\Damien\Desktop\Tutoriel\VueJS Project\Ma-Petite-Draft-Project\Heroku-Deployement\ma-petite-draft-server\node_modules\pg-protocol\dist\parser.js:89:29)
       at Parser.parse (C:\Users\Damien\Desktop\Tutoriel\VueJS Project\Ma-Petite-Draft-Project\Heroku-Deployement\ma-petite-draft-server\node_modules\pg-protocol\dist\parser.js:41:38)
       at Socket.stream.on (C:\Users\Damien\Desktop\Tutoriel\VueJS Project\Ma-Petite-Draft-Project\Heroku-Deployement\ma-petite-draft-server\node_modules\pg-protocol\dist\index.js:8:42)
       at Socket.emit (events.js:198:13)
       at addChunk (_stream_readable.js:288:12)
       at readableAddChunk (_stream_readable.js:269:11)
       at Socket.Readable.push (_stream_readable.js:224:10)
       at TCP.onStreamRead [as onread] (internal/stream_base_commons.js:94:17)
     length: 187,
     name: 'error',
     severity: 'ERROR',
     code: '22P02',
     detail: undefined,
     hint: undefined,
     position: '102',
     internalPosition: undefined,
     internalQuery: undefined,
     where: undefined,
     schema: undefined,
     table: undefined,
     column: undefined,
     dataType: undefined,
     constraint: undefined,
     file:
      'd:\\pginstaller_12.auto\\postgres.windows-x64\\src\\backend\\utils\\adt\\numutils.c',
     line: '259',
     routine: 'pg_strtoint32',
     sql:
      'SELECT "id", "username" FROM "users" AS "user" WHERE "user"."deleted_row" = false AND "user"."id" != \'[object Object]\' ORDER BY "user"."username" ASC;',
     parameters: undefined },
  sql:
   'SELECT "id", "username" FROM "users" AS "user" WHERE "user"."deleted_row" = false AND "user"."id" != \'[object Object]\' ORDER BY "user"."username" ASC;',
  parameters: undefined }
[2020-11-25T08:29:33.876] [ERROR] MPD - Log starting
[2020-11-25T08:42:13.280] [ERROR] MPD - Error: WHERE parameter "user_id" has invalid "undefined" value
    at PostgresQueryGenerator.whereItemQuery (C:\Users\Damien\Desktop\Tutoriel\VueJS Project\Ma-Petite-Draft-Project\Heroku-Deployement\ma-petite-draft-server\node_modules\sequelize\lib\dialects\abstract\query-generator.js:2184:13)
    at Utils.getComplexKeys.forEach.prop (C:\Users\Damien\Desktop\Tutoriel\VueJS Project\Ma-Petite-Draft-Project\Heroku-Deployement\ma-petite-draft-server\node_modules\sequelize\lib\dialects\abstract\query-generator.js:2173:25)
    at Array.forEach (<anonymous>)
    at PostgresQueryGenerator.whereItemsQuery (C:\Users\Damien\Desktop\Tutoriel\VueJS Project\Ma-Petite-Draft-Project\Heroku-Deployement\ma-petite-draft-server\node_modules\sequelize\lib\dialects\abstract\query-generator.js:2171:35)
    at PostgresQueryGenerator.getWhereConditions (C:\Users\Damien\Desktop\Tutoriel\VueJS Project\Ma-Petite-Draft-Project\Heroku-Deployement\ma-petite-draft-server\node_modules\sequelize\lib\dialects\abstract\query-generator.js:2583:19)
    at PostgresQueryGenerator.selectQuery (C:\Users\Damien\Desktop\Tutoriel\VueJS Project\Ma-Petite-Draft-Project\Heroku-Deployement\ma-petite-draft-server\node_modules\sequelize\lib\dialects\abstract\query-generator.js:1315:28)
    at QueryInterface.select (C:\Users\Damien\Desktop\Tutoriel\VueJS Project\Ma-Petite-Draft-Project\Heroku-Deployement\ma-petite-draft-server\node_modules\sequelize\lib\query-interface.js:1122:27)
    at Promise.try.then.then.then (C:\Users\Damien\Desktop\Tutoriel\VueJS Project\Ma-Petite-Draft-Project\Heroku-Deployement\ma-petite-draft-server\node_modules\sequelize\lib\model.js:1759:34)
    at tryCatcher (C:\Users\Damien\Desktop\Tutoriel\VueJS Project\Ma-Petite-Draft-Project\Heroku-Deployement\ma-petite-draft-server\node_modules\bluebird\js\release\util.js:16:23)
    at Promise._settlePromiseFromHandler (C:\Users\Damien\Desktop\Tutoriel\VueJS Project\Ma-Petite-Draft-Project\Heroku-Deployement\ma-petite-draft-server\node_modules\bluebird\js\release\promise.js:547:31)
    at Promise._settlePromise (C:\Users\Damien\Desktop\Tutoriel\VueJS Project\Ma-Petite-Draft-Project\Heroku-Deployement\ma-petite-draft-server\node_modules\bluebird\js\release\promise.js:604:18)
    at Promise._settlePromise0 (C:\Users\Damien\Desktop\Tutoriel\VueJS Project\Ma-Petite-Draft-Project\Heroku-Deployement\ma-petite-draft-server\node_modules\bluebird\js\release\promise.js:649:10)
    at Promise._settlePromises (C:\Users\Damien\Desktop\Tutoriel\VueJS Project\Ma-Petite-Draft-Project\Heroku-Deployement\ma-petite-draft-server\node_modules\bluebird\js\release\promise.js:729:18)
    at _drainQueueStep (C:\Users\Damien\Desktop\Tutoriel\VueJS Project\Ma-Petite-Draft-Project\Heroku-Deployement\ma-petite-draft-server\node_modules\bluebird\js\release\async.js:93:12)
    at _drainQueue (C:\Users\Damien\Desktop\Tutoriel\VueJS Project\Ma-Petite-Draft-Project\Heroku-Deployement\ma-petite-draft-server\node_modules\bluebird\js\release\async.js:86:9)
    at Async._drainQueues (C:\Users\Damien\Desktop\Tutoriel\VueJS Project\Ma-Petite-Draft-Project\Heroku-Deployement\ma-petite-draft-server\node_modules\bluebird\js\release\async.js:102:5)
    at Immediate.Async.drainQueues [as _onImmediate] (C:\Users\Damien\Desktop\Tutoriel\VueJS Project\Ma-Petite-Draft-Project\Heroku-Deployement\ma-petite-draft-server\node_modules\bluebird\js\release\async.js:15:14)
    at runCallback (timers.js:705:18)
    at tryOnImmediate (timers.js:676:5)
    at processImmediate (timers.js:658:5)
[2020-12-15T21:36:29.807] [ERROR] MPD - Log starting
[2020-12-21T16:32:04.939] [ERROR] MPD - Log starting
[2020-12-22T17:12:48.722] [ERROR] MPD - Log starting
[2020-12-24T14:06:46.066] [ERROR] MPD - Log starting
[2020-12-26T18:17:23.146] [ERROR] MPD - Log starting
[2021-01-03T17:40:46.546] [ERROR] MPD - Log starting
[2021-01-06T21:04:40.616] [ERROR] MPD - Log starting
[2021-01-06T21:07:33.483] [ERROR] MPD - Log starting
[2021-01-06T21:12:39.693] [ERROR] MPD - Log starting
[2021-01-06T21:15:01.481] [ERROR] MPD - Log starting
[2021-01-06T21:31:35.027] [ERROR] MPD - Log starting
[2021-01-06T21:33:38.736] [ERROR] MPD - Log starting
[2021-01-06T21:42:36.839] [ERROR] MPD - Log starting
[2021-01-06T21:45:57.083] [ERROR] MPD - Log starting
[2021-01-06T22:05:31.749] [ERROR] MPD - Log starting
[2021-01-06T22:18:30.418] [ERROR] MPD - Log starting
[2021-01-06T22:19:41.804] [ERROR] MPD - Log starting
[2021-01-06T22:27:14.839] [ERROR] MPD - Log starting
[2021-01-07T22:04:22.395] [ERROR] MPD - Log starting
[2021-01-07T22:15:44.625] [ERROR] MPD - Log starting
[2021-01-08T08:09:22.927] [ERROR] MPD - Log starting
[2021-01-08T08:31:49.056] [ERROR] MPD - Log starting
[2021-01-08T09:51:22.515] [ERROR] MPD - Log starting
